This is pdfTeX, Version 3.14159265-2.6-1.40.19 (MiKTeX 2.9.6800 64-bit) (preloaded format=pdflatex 2018.9.12)  11 JAN 2019 23:09
entering extended mode
**"./Design of a 32 bit microprocessor for the MIPS ISA.tex"
("Design of a 32 bit microprocessor for the MIPS ISA.tex"
LaTeX2e <2018-04-01> patch level 5
("C:\Users\HP\AppData\Local\Programs\MiKTeX 2.9\tex\latex\base\report.cls"
Document Class: report 2014/09/29 v1.4h Standard LaTeX document class
("C:\Users\HP\AppData\Local\Programs\MiKTeX 2.9\tex\latex\base\size12.clo"
File: size12.clo 2014/09/29 v1.4h Standard LaTeX file (size option)
)
\c@part=\count80
\c@chapter=\count81
\c@section=\count82
\c@subsection=\count83
\c@subsubsection=\count84
\c@paragraph=\count85
\c@subparagraph=\count86
\c@figure=\count87
\c@table=\count88
\abovecaptionskip=\skip41
\belowcaptionskip=\skip42
\bibindent=\dimen102
)
("C:\Users\HP\AppData\Local\Programs\MiKTeX 2.9\tex\latex\geometry\geometry.sty
"
Package: geometry 2018/04/16 v5.8 Page Geometry
 ("C:\Users\HP\AppData\Local\Programs\MiKTeX 2.9\tex\latex\graphics\keyval.sty"
Package: keyval 2014/10/28 v1.15 key=value parser (DPC)
\KV@toks@=\toks14
)
("C:\Users\HP\AppData\Local\Programs\MiKTeX 2.9\tex\generic\oberdiek\ifpdf.sty"
Package: ifpdf 2018/09/07 v3.3 Provides the ifpdf switch
)
("C:\Users\HP\AppData\Local\Programs\MiKTeX 2.9\tex\generic\oberdiek\ifvtex.sty
"
Package: ifvtex 2016/05/16 v1.6 Detect VTeX and its facilities (HO)
Package ifvtex Info: VTeX not detected.
)
("C:\Users\HP\AppData\Local\Programs\MiKTeX 2.9\tex\generic\ifxetex\ifxetex.sty
"
Package: ifxetex 2010/09/12 v0.6 Provides ifxetex conditional
)
\Gm@cnth=\count89
\Gm@cntv=\count90
\c@Gm@tempcnt=\count91
\Gm@bindingoffset=\dimen103
\Gm@wd@mp=\dimen104
\Gm@odd@mp=\dimen105
\Gm@even@mp=\dimen106
\Gm@layoutwidth=\dimen107
\Gm@layoutheight=\dimen108
\Gm@layouthoffset=\dimen109
\Gm@layoutvoffset=\dimen110
\Gm@dimlist=\toks15

("C:\Users\HP\AppData\Local\Programs\MiKTeX 2.9\tex\latex\geometry\geometry.cfg
"))
("C:\Users\HP\AppData\Local\Programs\MiKTeX 2.9\tex\latex\footmisc\footmisc.sty
"
Package: footmisc 2011/06/06 v5.5b a miscellany of footnote facilities
\FN@temptoken=\toks16
\footnotemargin=\dimen111
\c@pp@next@reset=\count92
Package footmisc Info: Declaring symbol style bringhurst on input line 855.
Package footmisc Info: Declaring symbol style chicago on input line 863.
Package footmisc Info: Declaring symbol style wiley on input line 872.
Package footmisc Info: Declaring symbol style lamport-robust on input line 883.

Package footmisc Info: Declaring symbol style lamport* on input line 903.
Package footmisc Info: Declaring symbol style lamport*-robust on input line 924
.
)
("C:\Users\HP\AppData\Local\Programs\MiKTeX 2.9\tex\latex\graphics\graphicx.sty
"
Package: graphicx 2017/06/01 v1.1a Enhanced LaTeX Graphics (DPC,SPQR)

("C:\Users\HP\AppData\Local\Programs\MiKTeX 2.9\tex\latex\graphics\graphics.sty
"
Package: graphics 2017/06/25 v1.2c Standard LaTeX Graphics (DPC,SPQR)
 ("C:\Users\HP\AppData\Local\Programs\MiKTeX 2.9\tex\latex\graphics\trig.sty"
Package: trig 2016/01/03 v1.10 sin cos tan (DPC)
)
("C:\Users\HP\AppData\Local\Programs\MiKTeX 2.9\tex\latex\graphics-cfg\graphics
.cfg"
File: graphics.cfg 2016/06/04 v1.11 sample graphics configuration
)
Package graphics Info: Driver file: pdftex.def on input line 99.

("C:\Users\HP\AppData\Local\Programs\MiKTeX 2.9\tex\latex\graphics-def\pdftex.d
ef"
File: pdftex.def 2018/01/08 v1.0l Graphics/color driver for pdftex
))
\Gin@req@height=\dimen112
\Gin@req@width=\dimen113
)
("C:\Users\HP\AppData\Local\Programs\MiKTeX 2.9\tex\latex\amsmath\amsmath.sty"
Package: amsmath 2017/09/02 v2.17a AMS math features
\@mathmargin=\skip43

For additional information on amsmath, use the `?' option.
("C:\Users\HP\AppData\Local\Programs\MiKTeX 2.9\tex\latex\amsmath\amstext.sty"
Package: amstext 2000/06/29 v2.01 AMS text

("C:\Users\HP\AppData\Local\Programs\MiKTeX 2.9\tex\latex\amsmath\amsgen.sty"
File: amsgen.sty 1999/11/30 v2.0 generic functions
\@emptytoks=\toks17
\ex@=\dimen114
)) ("C:\Users\HP\AppData\Local\Programs\MiKTeX 2.9\tex\latex\amsmath\amsbsy.sty
"
Package: amsbsy 1999/11/29 v1.2d Bold Symbols
\pmbraise@=\dimen115
) ("C:\Users\HP\AppData\Local\Programs\MiKTeX 2.9\tex\latex\amsmath\amsopn.sty"
Package: amsopn 2016/03/08 v2.02 operator names
)
\inf@bad=\count93
LaTeX Info: Redefining \frac on input line 213.
\uproot@=\count94
\leftroot@=\count95
LaTeX Info: Redefining \overline on input line 375.
\classnum@=\count96
\DOTSCASE@=\count97
LaTeX Info: Redefining \ldots on input line 472.
LaTeX Info: Redefining \dots on input line 475.
LaTeX Info: Redefining \cdots on input line 596.
\Mathstrutbox@=\box26
\strutbox@=\box27
\big@size=\dimen116
LaTeX Font Info:    Redeclaring font encoding OML on input line 712.
LaTeX Font Info:    Redeclaring font encoding OMS on input line 713.
\macc@depth=\count98
\c@MaxMatrixCols=\count99
\dotsspace@=\muskip10
\c@parentequation=\count100
\dspbrk@lvl=\count101
\tag@help=\toks18
\row@=\count102
\column@=\count103
\maxfields@=\count104
\andhelp@=\toks19
\eqnshift@=\dimen117
\alignsep@=\dimen118
\tagshift@=\dimen119
\tagwidth@=\dimen120
\totwidth@=\dimen121
\lineht@=\dimen122
\@envbody=\toks20
\multlinegap=\skip44
\multlinetaggap=\skip45
\mathdisplay@stack=\toks21
LaTeX Info: Redefining \[ on input line 2817.
LaTeX Info: Redefining \] on input line 2818.
) ("C:\Users\HP\AppData\Local\Programs\MiKTeX 2.9\tex\latex\tools\longtable.sty
"
Package: longtable 2014/10/28 v4.11 Multi-page Table package (DPC)
\LTleft=\skip46
\LTright=\skip47
\LTpre=\skip48
\LTpost=\skip49
\LTchunksize=\count105
\LTcapwidth=\dimen123
\LT@head=\box28
\LT@firsthead=\box29
\LT@foot=\box30
\LT@lastfoot=\box31
\LT@cols=\count106
\LT@rows=\count107
\c@LT@tables=\count108
\c@LT@chunks=\count109
\LT@p@ftn=\toks22
) ("C:\Users\HP\AppData\Local\Programs\MiKTeX 2.9\tex\latex\tools\enumerate.sty
"
Package: enumerate 2015/07/23 v3.00 enumerate extensions (DPC)
\@enLab=\toks23
)
("C:\Users\HP\AppData\Local\Programs\MiKTeX 2.9\tex\latex\changepage\changepage
.sty"
Package: changepage 2009/10/20 v1.0c check page and change page layout
\c@cp@cntr=\count110
\cp@tempcnt=\count111
)
("C:\Users\HP\AppData\Local\Programs\MiKTeX 2.9\tex\latex\caption\caption.sty"
Package: caption 2018/10/06 v3.3-154 Customizing captions (AR)

("C:\Users\HP\AppData\Local\Programs\MiKTeX 2.9\tex\latex\caption\caption3.sty"
Package: caption3 2018/09/12 v1.8c caption3 kernel (AR)
Package caption3 Info: TeX engine: e-TeX on input line 64.
\captionmargin=\dimen124
\captionmargin@=\dimen125
\captionwidth=\dimen126
\caption@tempdima=\dimen127
\caption@indent=\dimen128
\caption@parindent=\dimen129
\caption@hangindent=\dimen130
)
\c@caption@flags=\count112
\c@ContinuedFloat=\count113
Package caption Info: longtable package is loaded.

("C:\Users\HP\AppData\Local\Programs\MiKTeX 2.9\tex\latex\caption\ltcaption.sty
"
Package: ltcaption 2018/08/26 v1.4-95 longtable captions (AR)
)) ("Design of a 32 bit microprocessor for the MIPS ISA.aux")
\openout1 = `"Design of a 32 bit microprocessor for the MIPS ISA.aux"'.

LaTeX Font Info:    Checking defaults for OML/cmm/m/it on input line 21.
LaTeX Font Info:    ... okay on input line 21.
LaTeX Font Info:    Checking defaults for T1/cmr/m/n on input line 21.
LaTeX Font Info:    ... okay on input line 21.
LaTeX Font Info:    Checking defaults for OT1/cmr/m/n on input line 21.
LaTeX Font Info:    ... okay on input line 21.
LaTeX Font Info:    Checking defaults for OMS/cmsy/m/n on input line 21.
LaTeX Font Info:    ... okay on input line 21.
LaTeX Font Info:    Checking defaults for OMX/cmex/m/n on input line 21.
LaTeX Font Info:    ... okay on input line 21.
LaTeX Font Info:    Checking defaults for U/cmr/m/n on input line 21.
LaTeX Font Info:    ... okay on input line 21.

*geometry* driver: auto-detecting
*geometry* detected driver: pdftex
*geometry* verbose mode - [ preamble ] result:
* driver: pdftex
* paper: <default>
* layout: <same size as paper>
* layoutoffset:(h,v)=(0.0pt,0.0pt)
* modes: 
* h-part:(L,W,R)=(92.14519pt, 430.00462pt, 92.14519pt)
* v-part:(T,H,B)=(54.2025pt, 645.37012pt, 95.39737pt)
* \paperwidth=614.295pt
* \paperheight=794.96999pt
* \textwidth=430.00462pt
* \textheight=645.37012pt
* \oddsidemargin=19.8752pt
* \evensidemargin=19.8752pt
* \topmargin=-55.06749pt
* \headheight=12.0pt
* \headsep=25.0pt
* \topskip=12.0pt
* \footskip=30.0pt
* \marginparwidth=44.0pt
* \marginparsep=10.0pt
* \columnsep=10.0pt
* \skip\footins=10.8pt plus 4.0pt minus 2.0pt
* \hoffset=0.0pt
* \voffset=0.0pt
* \mag=1000
* \@twocolumnfalse
* \@twosidefalse
* \@mparswitchfalse
* \@reversemarginfalse
* (1in=72.27pt=25.4mm, 1cm=28.453pt)

("C:\Users\HP\AppData\Local\Programs\MiKTeX 2.9\tex\context\base\supp-pdf.mkii"
[Loading MPS to PDF converter (version 2006.09.02).]
\scratchcounter=\count114
\scratchdimen=\dimen131
\scratchbox=\box32
\nofMPsegments=\count115
\nofMParguments=\count116
\everyMPshowfont=\toks24
\MPscratchCnt=\count117
\MPscratchDim=\dimen132
\MPnumerator=\count118
\makeMPintoPDFobject=\count119
\everyMPtoPDFconversion=\toks25
)
("C:\Users\HP\AppData\Local\Programs\MiKTeX 2.9\tex\latex\oberdiek\epstopdf-bas
e.sty"
Package: epstopdf-base 2016/05/15 v2.6 Base part for package epstopdf

("C:\Users\HP\AppData\Local\Programs\MiKTeX 2.9\tex\generic\oberdiek\infwarerr.
sty"
Package: infwarerr 2016/05/16 v1.4 Providing info/warning/error messages (HO)
)
("C:\Users\HP\AppData\Local\Programs\MiKTeX 2.9\tex\latex\oberdiek\grfext.sty"
Package: grfext 2016/05/16 v1.2 Manage graphics extensions (HO)

("C:\Users\HP\AppData\Local\Programs\MiKTeX 2.9\tex\generic\oberdiek\kvdefineke
ys.sty"
Package: kvdefinekeys 2016/05/16 v1.4 Define keys (HO)

("C:\Users\HP\AppData\Local\Programs\MiKTeX 2.9\tex\generic\oberdiek\ltxcmds.st
y"
Package: ltxcmds 2016/05/16 v1.23 LaTeX kernel commands for general use (HO)
)))
("C:\Users\HP\AppData\Local\Programs\MiKTeX 2.9\tex\latex\oberdiek\kvoptions.st
y"
Package: kvoptions 2016/05/16 v3.12 Key value format for package options (HO)

("C:\Users\HP\AppData\Local\Programs\MiKTeX 2.9\tex\generic\oberdiek\kvsetkeys.
sty"
Package: kvsetkeys 2016/05/16 v1.17 Key value parser (HO)

("C:\Users\HP\AppData\Local\Programs\MiKTeX 2.9\tex\generic\oberdiek\etexcmds.s
ty"
Package: etexcmds 2016/05/16 v1.6 Avoid name clashes with e-TeX commands (HO)

("C:\Users\HP\AppData\Local\Programs\MiKTeX 2.9\tex\generic\oberdiek\ifluatex.s
ty"
Package: ifluatex 2016/05/16 v1.4 Provides the ifluatex switch (HO)
Package ifluatex Info: LuaTeX not detected.
)
Package etexcmds Info: Could not find \expanded.
(etexcmds)             That can mean that you are not using pdfTeX 1.50 or
(etexcmds)             that some package has redefined \expanded.
(etexcmds)             In the latter case, load this package earlier.
)))
("C:\Users\HP\AppData\Local\Programs\MiKTeX 2.9\tex\generic\oberdiek\pdftexcmds
.sty"
Package: pdftexcmds 2018/09/07 v0.28 Utility functions of pdfTeX for LuaTeX (HO
)
Package pdftexcmds Info: LuaTeX not detected.
Package pdftexcmds Info: \pdf@primitive is available.
Package pdftexcmds Info: \pdf@ifprimitive is available.
Package pdftexcmds Info: \pdfdraftmode found.
)
Package epstopdf-base Info: Redefining graphics rule for `.eps' on input line 4
38.
Package grfext Info: Graphics extension search list:
(grfext)             [.pdf,.png,.jpg,.mps,.jpeg,.jbig2,.jb2,.PDF,.PNG,.JPG,.JPE
G,.JBIG2,.JB2,.eps]
(grfext)             \AppendGraphicsExtensions on input line 456.
)
Package caption Info: Begin \AtBeginDocument code.
Package caption Info: End \AtBeginDocument code.
<knust-logo.png, id=1, 225.84375pt x 225.84375pt>
File: knust-logo.png Graphic file (type png)
<use knust-logo.png>
Package pdftex.def Info: knust-logo.png  used on input line 30.
(pdftex.def)             Requested size: 203.25748pt x 203.25748pt.
 [1

{C:/Users/HP/AppData/Local/MiKTeX/2.9/pdftex/config/pdftex.map} <./knust-logo.p
ng>]
Underfull \hbox (badness 10000) in paragraph at lines 37--37
[]\OT1/cmr/bx/n/17.28 Index
 []


Overfull \hbox (4.33394pt too wide) in paragraph at lines 33--46
[] 
 []


Underfull \vbox (badness 10000) detected at line 61
 []


Overfull \hbox (20.78671pt too wide) in alignment at lines 63--70
 [] [] 
 []


Underfull \vbox (badness 10000) detected at line 70
 []


Overfull \vbox (47.72443pt too high) has occurred while \output is active []


[1] ("Design of a 32 bit microprocessor for the MIPS ISA.toc")
\tf@toc=\write3
\openout3 = `"Design of a 32 bit microprocessor for the MIPS ISA.toc"'.

 [2

]
("Design of a 32 bit microprocessor for the MIPS ISA.lot")
\tf@lot=\write4
\openout4 = `"Design of a 32 bit microprocessor for the MIPS ISA.lot"'.

 [3

]
("Design of a 32 bit microprocessor for the MIPS ISA.lof")
\tf@lof=\write5
\openout5 = `"Design of a 32 bit microprocessor for the MIPS ISA.lof"'.

 [4

] [5

] [6]
LaTeX Font Info:    Try loading font information for OMS+cmr on input line 143.


("C:\Users\HP\AppData\Local\Programs\MiKTeX 2.9\tex\latex\base\omscmr.fd"
File: omscmr.fd 2014/09/29 v2.5h Standard LaTeX font definitions
)
LaTeX Font Info:    Font shape `OMS/cmr/m/n' in size <12> not available
(Font)              Font shape `OMS/cmsy/m/n' tried instead on input line 143.

[7]
Underfull \hbox (badness 1810) in paragraph at lines 173--173
\OT1/cmr/m/n/12 68000 fam-ily, AMD and In-tel x86
 []

[8] [9]
<R-type.png, id=43, 324.61275pt x 60.225pt>
File: R-type.png Graphic file (type png)
<use R-type.png>
Package pdftex.def Info: R-type.png  used on input line 227.
(pdftex.def)             Requested size: 324.61194pt x 60.22484pt.

Overfull \hbox (4.33395pt too wide) in alignment at lines 242--249
 [] [] [] 
 []

<I-type.png, id=45, 380.622pt x 53.60025pt>
File: I-type.png Graphic file (type png)
<use I-type.png>
Package pdftex.def Info: I-type.png  used on input line 266.
(pdftex.def)             Requested size: 380.62105pt x 53.6001pt.
[10 <./R-type.png>]
Underfull \hbox (badness 10000) in paragraph at lines 277--277
[]|\OT1/cmtt/m/n/12 set less than
 []


Underfull \hbox (badness 10000) in paragraph at lines 277--278
[]|\OT1/cmtt/m/n/12 if ($s2 < imm), $s1=1;
 []


Overfull \hbox (4.33395pt too wide) in alignment at lines 270--281
 [] [] [] 
 []


Underfull \hbox (badness 10000) in paragraph at lines 301--301
[]|\OT1/cmtt/m/n/12 beq $s1, $s2,
 []


Underfull \hbox (badness 10000) in paragraph at lines 302--302
[]|\OT1/cmtt/m/n/12 branch on not
 []


Underfull \hbox (badness 10000) in paragraph at lines 302--302
[]|\OT1/cmtt/m/n/12 bneq $s1, $s2,
 []


Overfull \hbox (4.33394pt too wide) in alignment at lines 297--303
 [] [] [] 
 []

[11 <./I-type.png>]
<J-type.png, id=56, 372.1905pt x 54.2025pt>
File: J-type.png Graphic file (type png)
<use J-type.png>
Package pdftex.def Info: J-type.png  used on input line 319.
(pdftex.def)             Requested size: 372.18959pt x 54.20236pt.

Underfull \hbox (badness 10000) in paragraph at lines 328--328
[]|\OT1/cmtt/m/n/12 go to address 4 $\OMS/cmsy/m/n/12 $ \OT1/cmtt/m/n/12 targe
t :
 []


Underfull \hbox (badness 10000) in paragraph at lines 329--330
[]|\OT1/cmtt/m/n/12 $31 = PC + 4; go to address
 []

[12 <./J-type.png>] [13] [14] [15

]
<reg-file.png, id=71, 299.31825pt x 249.3315pt>
File: reg-file.png Graphic file (type png)
<use reg-file.png>
Package pdftex.def Info: reg-file.png  used on input line 442.
(pdftex.def)             Requested size: 455.25163pt x 284.5452pt.

Overfull \hbox (25.24701pt too wide) in paragraph at lines 442--443
 [] 
 []

[16 <./reg-file.png>]
<regFile.png, id=76, 408.77719pt x 239.39438pt>
File: regFile.png Graphic file (type png)
<use regFile.png>
Package pdftex.def Info: regFile.png  used on input line 457.
(pdftex.def)             Requested size: 455.26997pt x 241.8485pt.

Overfull \hbox (25.26535pt too wide) in paragraph at lines 457--458
 [] 
 []

[17 <./regFile.png>]
<register-0.png, id=80, 396.2805pt x 217.41225pt>
File: register-0.png Graphic file (type png)
<use register-0.png>
Package pdftex.def Info: register-0.png  used on input line 466.
(pdftex.def)             Requested size: 455.27762pt x 170.71873pt.

Overfull \hbox (25.273pt too wide) in paragraph at lines 466--467
 [] 
 []

<register.png, id=81, 379.4175pt x 272.81924pt>
File: register.png Graphic file (type png)
<use register.png>
Package pdftex.def Info: register.png  used on input line 473.
(pdftex.def)             Requested size: 455.2524pt x 284.53291pt.

Overfull \hbox (25.24777pt too wide) in paragraph at lines 473--474
 [] 
 []

[18 <./register-0.png>]
<3x4zipper.png, id=87, 305.34074pt x 264.99pt>
File: 3x4zipper.png Graphic file (type png)
<use 3x4zipper.png>
Package pdftex.def Info: 3x4zipper.png  used on input line 481.
(pdftex.def)             Requested size: 426.8265pt x 284.54735pt.
 [19 <./register.png>]
<3x16zipper.png, id=92, 337.26pt x 255.354pt>
File: 3x16zipper.png Graphic file (type png)
<use 3x16zipper.png>
Package pdftex.def Info: 3x16zipper.png  used on input line 485.
(pdftex.def)             Requested size: 426.80246pt x 284.53728pt.
 [20 <./3x4zipper.png> <./3x16zipper.png>]
<register-cell.png, id=98, 354.123pt x 322.806pt>
File: register-cell.png Graphic file (type png)
<use register-cell.png>
Package pdftex.def Info: register-cell.png  used on input line 491.
(pdftex.def)             Requested size: 512.23318pt x 398.36415pt.

Overfull \hbox (82.22856pt too wide) in paragraph at lines 491--492
 [] 
 []

<register-file.png, id=99, 573.342pt x 539.01375pt>
File: register-file.png Graphic file (type png)
<use register-file.png>
Package pdftex.def Info: register-file.png  used on input line 496.
(pdftex.def)             Requested size: 455.26231pt x 398.34576pt.

Overfull \hbox (25.25769pt too wide) in paragraph at lines 496--497
 [] 
 []

[21 <./register-cell.png>] [22 <./register-file.png>] [23

]
<alu1.png, id=111, 288.47775pt x 287.27325pt>
File: alu1.png Graphic file (type png)
<use alu1.png>
Package pdftex.def Info: alu1.png  used on input line 522.
(pdftex.def)             Requested size: 455.2528pt x 284.54605pt.

Overfull \hbox (25.24818pt too wide) in paragraph at lines 522--523
 [] 
 []

<alu32.png, id=112, 376.40625pt x 385.44pt>
File: alu32.png Graphic file (type png)
<use alu32.png>
Package pdftex.def Info: alu32.png  used on input line 528.
(pdftex.def)             Requested size: 455.28065pt x 398.3368pt.

Overfull \hbox (25.27603pt too wide) in paragraph at lines 528--529
 [] 
 []

[24 <./alu1.png>]
<aluSymbol.png, id=118, 213.79875pt x 199.34476pt>
File: aluSymbol.png Graphic file (type png)
<use aluSymbol.png>
Package pdftex.def Info: aluSymbol.png  used on input line 531.
(pdftex.def)             Requested size: 213.79822pt x 199.34425pt.
 [25 <./alu32.png> <./aluSymbol.png>]
<pc.png, id=124, 305.34074pt x 305.943pt>
File: pc.png Graphic file (type png)
<use pc.png>
Package pdftex.def Info: pc.png  used on input line 547.
(pdftex.def)             Requested size: 284.551pt x 227.62202pt.
 [26

 <./pc.png>]
<r-datapath.png, id=129, 518.53725pt x 223.43475pt>
File: r-datapath.png Graphic file (type png)
<use r-datapath.png>
Package pdftex.def Info: r-datapath.png  used on input line 566.
(pdftex.def)             Requested size: 512.18245pt x 227.63449pt.

Overfull \hbox (82.17783pt too wide) in paragraph at lines 566--567
 [] 
 []

[27 <./r-datapath.png>]
<i-datapath.png, id=134, 507.69675pt x 283.0575pt>
File: i-datapath.png Graphic file (type png)
<use i-datapath.png>
Package pdftex.def Info: i-datapath.png  used on input line 586.
(pdftex.def)             Requested size: 512.15767pt x 341.4597pt.

Overfull \hbox (82.15305pt too wide) in paragraph at lines 586--587
 [] 
 []

[28 <./i-datapath.png>]
<load-datapath.png, id=139, 540.21825pt x 302.3295pt>
File: load-datapath.png Graphic file (type png)
<use load-datapath.png>
Package pdftex.def Info: load-datapath.png  used on input line 600.
(pdftex.def)             Requested size: 512.17404pt x 341.44843pt.

Overfull \hbox (82.16942pt too wide) in paragraph at lines 600--601
 [] 
 []

[29 <./load-datapath.png>]
<store-datapath.png, id=144, 560.69475pt x 297.5115pt>
File: store-datapath.png Graphic file (type png)
<use store-datapath.png>
Package pdftex.def Info: store-datapath.png  used on input line 613.
(pdftex.def)             Requested size: 512.14944pt x 341.441pt.

Overfull \hbox (82.14482pt too wide) in paragraph at lines 613--614
 [] 
 []

[30 <./store-datapath.png>]
<branch-jump-datapath.png, id=150, 678.1335pt x 369.7815pt>
File: branch-jump-datapath.png Graphic file (type png)
<use branch-jump-datapath.png>
Package pdftex.def Info: branch-jump-datapath.png  used on input line 643.
(pdftex.def)             Requested size: 569.05916pt x 369.91599pt.


Package caption Warning: \captionsetup{type*=...} or \captionof
(caption)                outside box or environment on input line 646.
See the caption package documentation for explanation.

[31 <./branch-jump-datapath.png>]
<final-datapath.png, id=155, 628.749pt x 393.26926pt>
File: final-datapath.png Graphic file (type png)
<use final-datapath.png>
Package pdftex.def Info: final-datapath.png  used on input line 660.
(pdftex.def)             Requested size: 654.46875pt x 426.80675pt.
 [32 <./final-datapath.png>]
<signExtender.png, id=160, 313.17pt x 113.82526pt>
File: signExtender.png Graphic file (type png)
<use signExtender.png>
Package pdftex.def Info: signExtender.png  used on input line 668.
(pdftex.def)             Requested size: 256.08426pt x 128.05135pt.
<signExtender2.png, id=161, 320.99925pt x 99.9735pt>
File: signExtender2.png Graphic file (type png)
<use signExtender2.png>
Package pdftex.def Info: signExtender2.png  used on input line 669.
(pdftex.def)             Requested size: 256.09442pt x 128.04189pt.

Overfull \hbox (82.17406pt too wide) in paragraph at lines 668--670
 [][] 
 []


Overfull \hbox (70.02798pt too wide) in alignment at lines 675--695
 [] [] [] [] [] [] [] [] [] [] [] [] 
 []

[33

 <./signExtender.png> <./signExtender2.png>]
<cu.png, id=167, 625.73775pt x 394.47375pt>
File: cu.png Graphic file (type png)
<use cu.png>
Package pdftex.def Info: cu.png  used on input line 722.
(pdftex.def)             Requested size: 597.55058pt x 512.18982pt.
 [34]
<aluControl.png, id=171, 454.69875pt x 350.5095pt>
File: aluControl.png Graphic file (type png)
<use aluControl.png>
Package pdftex.def Info: aluControl.png  used on input line 729.
(pdftex.def)             Requested size: 426.79938pt x 341.43787pt.
 [35 <./cu.png>] [36 <./aluControl.png>]
<pcControl.png, id=181, 354.123pt x 267.399pt>
File: pcControl.png Graphic file (type png)
<use pcControl.png>
Package pdftex.def Info: pcControl.png  used on input line 748.
(pdftex.def)             Requested size: 426.82045pt x 341.46167pt.
<cpu.png, id=182, 835.923pt x 532.99126pt>
File: cpu.png Graphic file (type png)
<use cpu.png>
Package pdftex.def Info: cpu.png  used on input line 755.
(pdftex.def)             Requested size: 611.7621pt x 483.71342pt.
 [37 <./pcControl.png>] [38 <./cpu.png>]
Underfull \hbox (badness 10000) in paragraph at lines 765--777

 []


Underfull \hbox (badness 10000) in paragraph at lines 790--791
 \OT1/cmtt/m/n/12 00000022 8c010000 8c020004 8c030008 00842022 00822020 0043282
a
 []

[39

] ("Design of a 32 bit microprocessor for the MIPS ISA.aux") ) 
Here is how much of TeX's memory you used:
 4178 strings out of 492972
 65047 string characters out of 3127954
 170869 words of memory out of 3000000
 7965 multiletter control sequences out of 15000+200000
 12642 words of font info for 46 fonts, out of 3000000 for 9000
 1141 hyphenation exceptions out of 8191
 41i,10n,46p,893b,490s stack positions out of 5000i,500n,10000p,200000b,50000s
<C:/Users/HP/AppD
ata/Local/Programs/MiKTeX 2.9/fonts/type1/public/amsfonts/cm/cmbx12.pfb><C:/Use
rs/HP/AppData/Local/Programs/MiKTeX 2.9/fonts/type1/public/amsfonts/cm/cmmi12.p
fb><C:/Users/HP/AppData/Local/Programs/MiKTeX 2.9/fonts/type1/public/amsfonts/c
m/cmr10.pfb><C:/Users/HP/AppData/Local/Programs/MiKTeX 2.9/fonts/type1/public/a
msfonts/cm/cmr12.pfb><C:/Users/HP/AppData/Local/Programs/MiKTeX 2.9/fonts/type1
/public/amsfonts/cm/cmr17.pfb><C:/Users/HP/AppData/Local/Programs/MiKTeX 2.9/fo
nts/type1/public/amsfonts/cm/cmr7.pfb><C:/Users/HP/AppData/Local/Programs/MiKTe
X 2.9/fonts/type1/public/amsfonts/cm/cmr8.pfb><C:/Users/HP/AppData/Local/Progra
ms/MiKTeX 2.9/fonts/type1/public/amsfonts/cm/cmsl12.pfb><C:/Users/HP/AppData/Lo
cal/Programs/MiKTeX 2.9/fonts/type1/public/amsfonts/cm/cmsy10.pfb><C:/Users/HP/
AppData/Local/Programs/MiKTeX 2.9/fonts/type1/public/amsfonts/cm/cmti12.pfb><C:
/Users/HP/AppData/Local/Programs/MiKTeX 2.9/fonts/type1/public/amsfonts/cm/cmtt
12.pfb>
Output written on "Design of a 32 bit microprocessor for the MIPS ISA.pdf" (40 
pages, 904188 bytes).
PDF statistics:
 232 PDF objects out of 1000 (max. 8388607)
 0 named destinations out of 1000 (max. 500000)
 141 words of extra memory for PDF output out of 10000 (max. 10000000)

